
USER INPUT: its very nice to talk to you today niall, niall is running on a nabu computer
USER INPUT CLEAN: its very nice to tak to you today niall. niall is running on a nabu computer
TOKEN 0 = 'its'
TOKEN 1 = 'very'
TOKEN 2 = 'nice'
TOKEN 3 = 'to'
TOKEN4 = 'talk'
TOKEN 5 = 'to'
TOKEN 6 = 'you'
TOKEN 7 = 'today'
TOKEN 8 = 'niall'

--- LEARN SENTENCE ---
WORD[0] = 'its'
WORD[1] = very'
WORD[2] = 'nice'
WORD[3] = 'to'
WORD[4] = 'talk'
WORD[5] = 'to'
WORD[6] = 'you'
WORD[7] = 'today'
WORD[8] = 'niall'
PROCES word='its' index=0 old=0
NEW WORD 6 = 'its'
OLD=0 LINKS BEFORE='2|1(1)3(1)'
OLD=0 LINKS AFTER ='3|1(1)3(1)6(1)'
PROCESS word='vry' index=0 old=6
NEW WORD 7 = 'very'
OLD=6 LINKS BEFORE=''
OLD=6 LINKS AFTER ='1|7(1)'
PROCESS word='nice' index=0 old=7
NEW WOD 8 = 'nice'
OLD=7 LINKS BEFORE=''
OLD=7 LINKS AFTER ='1|8(1)'
PROCESS word='to' index=0 old=8
NEW WORD 9 = 'to'
OLD=8 LINKS BEFRE=''
OLD=8 LINKS AFTER ='1|9(1)'
PROCESS word='talk' index=0 old=9
NEW WORD 10 = 'talk'
OLD=9 LINKS BEFORE=''
OLD=9 LINKS AFTER='1|10(1)'
PROCESS word='to' index=9 old=10
OLD=10 LINKS BEFORE=''
OLD=10 LINKS AFTER ='1|9(1)'
PROCESS word='you' index=5 old=9OLD=9 LINKS BEFORE='1|10(1)'
OLD=9 LINKS AFTER ='2|10(1)5(1)'
PROCESS word='today' index=0 old=5
NEW WORD 11 = 'today'
OLD=5 LINS BEFORE='1|1000(1)'
OLD=5 LINKS AFTER ='2|1000(1)11(1)'
PROCESS word='niall' index=2 old=11
OLD=11 LINKS BEFORE=''
OLD=11 LINKSAFTER ='1|2(1)'
LINK TO END_TOKEN from 2
OLD=2 LINKS BEFORE='1|1000(1)'
OLD=2 LINKS AFTER ='2|1000(2)'
TOKEN 0 = 'niall'
TOKEN 1= 'is'
TOKEN 2 = 'running'
TOKEN 3 = 'on'
TOKEN 4 = 'a'
TOKEN 5 = 'nabu'
TOKEN 6 = 'computer'

--- LEARN SENTENCE ---
WORD[0] = niall'
WORD[1] = 'is'
WORD[2] = 'running'
WORD[3] = 'on'
WORD[4] = 'a'
WORD[5] = 'nabu'
WORD[6] = 'computer'
PROCESS word='niall index=2 old=0
OLD=0 LINKS BEFORE='3|1(1)3(1)6(1)'
OLD=0 LINKS AFTER ='4|1(1)3(1)6(1)2(1)'
PROCESS word='is' index=0 old=2
NEW WRD 12 = 'is'
OLD=2 LINKS BEFORE='2|1000(2)'
OLD=2 LINKS AFTER ='3|1000(2)12(1)'
PROCESS word='running' index=0 old=12
NEW WORD 1 = 'running'
OLD=12 LINKS BEFORE=''
OLD=12 LINKS AFTER ='1|13(1)'
PROCESS word='on' index=0 old=13
NEW WORD 14 = 'on'
OLD=13 LINS BEFORE=''
OLD=13 LINKS AFTER ='1|14(1)'
PROCESS word='a' index=0 old=14
NEW WORD 15 = 'a'
OLD=14 LINKS BEFORE=''
OLD=14 LINKS FTER ='1|15(1)'
PROCESS word='nabu' index=0 old=15
NEW WORD 16 = 'nabu'
OLD=15 LINKS BEFORE=''
OLD=15 LINKS AFTER ='1|16(1)'
PROESS word='computer' index=0 old=16
NEW WORD 17 = 'computer'
OLD=16 LINKS BEFORE=''
OLD=16 LINKS AFTER ='1|17(1)'
LINK TO END_TOKN from 17
OLD=17 LINKS BEFORE=''
OLD=17 LINKS AFTER ='1|1000(1)'

USER INPUT: niall can you tell me all about the nabu computer?USER INPUT CLEAN: niall can you tell me all about the nabu computer
TOKEN 0 = 'niall'
TOKEN 1 = 'can'
TOKEN 2 = 'you'
TOKEN 3 = tell'
TOKEN 4 = 'me'
TOKEN 5 = 'all'
TOKEN 6 = 'about'
TOKEN 7 = 'the'
TOKEN 8 = 'nabu'
TOKEN 9 = 'computer'

--- LEARN SENTENCE---
WORD[0] = 'niall'
WORD[1] = 'can'
WORD[2] = 'you'
WORD[3] = 'tell'
WORD[4] = 'me'
WORD[5] = 'all'
WORD[6] = 'about'
WORD[7]  'the'
WORD[8] = 'nabu'
WORD[9] = 'computer'
PROCESS word='niall' index=2 old=0
OLD=0 LINKS BEFORE='4|1(1)3(1)6(1)2(1)'
OLD=0 LIKS AFTER ='5|1(1)3(1)6(1)2(2)'
PROCESS word='can' index=0 old=2
NEW WORD 18 = 'can'
OLD=2 LINKS BEFORE='3|1000(2)12(1)'
OLD=2 LIKS AFTER ='4|1000(2)12(1)18(1)'
PROCESS word='you' index=5 old=18
OLD=18 LINKS BEFORE=''
OLD=18 LINKS AFTER ='1|5(1)'
PROCESS wod='tell' index=0 old=5
NEW WORD 19 = 'tell'
OLD=5 LINKS BEFORE='2|1000(1)11(1)'
OLD=5 LINKS AFTER ='3|1000(1)11(1)19(1)'
PROCESSword='me' index=0 old=19
NEW WORD 20 = 'me'
OLD=19 LINKS BEFORE=''
OLD=19 LINKS AFTER ='1|20(1)'
PROCESS word='all' index=0 old=0
NEW WORD 21 = 'all'
OLD=20 LINKS BEFORE=''
OLD=20 LINKS AFTER ='1|21(1)'
PROCESS word='about' index=0 old=21
NEW WORD 22 = 'abut'
OLD=21 LINKS BEFORE=''
OLD=21 LINKS AFTER ='1|22(1)'
PROCESS word='the' index=0 old=22
NEW WORD 23 = 'the'
OLD=22 LINKS BEFOE=''
OLD=22 LINKS AFTER ='1|23(1)'
PROCESS word='nabu' index=16 old=23
OLD=23 LINKS BEFORE=''
OLD=23 LINKS AFTER ='1|16(1)'
PROCSS word='computer' index=17 old=16
OLD=16 LINKS BEFORE='1|17(1)'
OLD=16 LINKS AFTER ='2|17(2)'
LINK TO END_TOKEN from 17
OLD=17 INKS BEFORE='1|1000(1)'
OLD=17 LINKS AFTER ='2|1000(2)'

USER INPUT: i am told its a fantastic computer the nabu computer, pleas tell me all about it?
USER INPUT CLEAN: i am told its a fantastic computer the nabu computer. please tell me all about it
TOKEN0 = 'i'
TOKEN 1 = 'am'
TOKEN 2 = 'told'
TOKEN 3 = 'its'
TOKEN 4 = 'a'
TOKEN 5 = 'fantastic'
TOKEN 6 = 'computer'
TOKEN 7 = 'the'TOKEN 8 = 'nabu'
TOKEN 9 = 'computer'

--- LEARN SENTENCE ---
WORD[0] = 'i'
WORD[1] = 'am'
WORD[2] = 'told'
WORD[3] = 'its'
WORD4] = 'a'
WORD[5] = 'fantastic'
WORD[6] = 'computer'
WORD[7] = 'the'
WORD[8] = 'nabu'
WORD[9] = 'computer'
PROCESS word='i' index0 old=0
NEW WORD 24 = 'i'
OLD=0 LINKS BEFORE='5|1(1)3(1)6(1)2(2)'
OLD=0 LINKS AFTER ='6|1(1)3(1)6(1)2(2)24(1)'
PROCESS word='am'index=0 old=24
NEW WORD 25 = 'am'
OLD=24 LINKS BEFORE=''
OLD=24 LINKS AFTER ='1|25(1)'
PROCESS word='told' index=0 old=25
NEW WOD 26 = 'told'
OLD=25 LINKS BEFORE=''
OLD=25 LINKS AFTER ='1|26(1)'
PROCESS word='its' index=6 old=26
OLD=26 LINKS BEFORE=''
OLD=6 LINKS AFTER ='1|6(1)'
PROCESS word='a' index=15 old=6
OLD=6 LINKS BEFORE='1|7(1)'
OLD=6 LINKS AFTER ='2|7(1)15(1)'
PROCESS wor='fantastic' index=0 old=15
NEW WORD 27 = 'fantastic'
OLD=15 LINKS BEFORE='1|16(1)'
OLD=15 LINKS AFTER ='2|16(1)27(1)'
PROCESS wrd='computer' index=17 old=27
OLD=27 LINKS BEFORE=''
OLD=27 LINKS AFTER ='1|17(1)'
PROCESS word='the' index=23 old=17
OLD=17 LINS BEFORE='2|1000(2)'
OLD=17 LINKS AFTER ='3|1000(2)23(1)'
PROCESS word='nabu' index=16 old=23
OLD=23 LINKS BEFORE='1|16(1)'
OLD=3 LINKS AFTER ='2|16(2)'
PROCESS word='computer' index=17 old=16
OLD=16 LINKS BEFORE='2|17(2)'
OLD=16 LINKS AFTER ='3|17(3)'
LIN TO END_TOKEN from 17
OLD=17 LINKS BEFORE='3|1000(2)23(1)'
OLD=17 LINKS AFTER ='4|1000(3)23(1)'
TOKEN 0 = 'please'
TOKEN 1 = 'tel'
TOKEN 2 = 'me'
TOKEN 3 = 'all'
TOKEN 4 = 'about'
TOKEN 5 = 'it'

--- LEARN SENTENCE ---
WORD[0] = 'please'
WORD[1] = 'tell'
WRD[2] = 'me'
WORD[3] = 'all'
WORD[4] = 'about'
WORD[5] = 'it'
PROCESS word='please' index=0 old=0
NEW WORD 28 = 'please'
OLD=0 LNKS BEFORE='6|1(1)3(1)6(1)2(2)24(1)'
OLD=0 LINKS AFTER ='7|1(1)3(1)6(1)2(2)24(1)28(1)'
PROCESS word='tell' index=19 old=28
OLD=2 LINKS BEFORE=''
OLD=28 LINKS AFTER ='1|19(1)'
PROCESS word='me' index=20 old=19
OLD=19 LINKS BEFORE='1|20(1)'
OLD=19 LINKS AFTE ='2|20(2)'
PROCESS word='all' index=21 old=20
OLD=20 LINKS BEFORE='1|21(1)'
OLD=20 LINKS AFTER ='2|21(2)'
PROCESS word='about' ndex=22 old=21
OLD=21 LINKS BEFORE='1|22(1)'
OLD=21 LINKS AFTER ='2|22(2)'
PROCESS word='it' index=0 old=22
NEW WORD 29 = 'it'
OD=22 LINKS BEFORE='1|23(1)'
OLD=22 LINKS AFTER ='2|23(1)29(1)'
LINK TO END_TOKEN from 29
OLD=29 LINKS BEFORE=''
OLD=29 LINKS AFTR ='1|1000(1)'

USER INPUT: its about time we talk about the nabu computer about which i know nothing.
USER INPUT CLEAN: its abot time we talk about the nabu computer about which i know nothing.
TOKEN 0 = 'its'
TOKEN 1 = 'about'
TOKEN 2 = 'time'
TOKEN 3 = we'
TOKEN 4 = 'talk'
TOKEN 5 = 'about'
TOKEN 6 = 'the'
TOKEN 7 = 'nabu'
TOKEN 8 = 'computer'
TOKEN 9 = 'about'
TOKEN 10 = 'which
TOKEN 11 = 'i'
TOKEN 12 = 'know'
TOKEN 13 = 'nothing'

--- LEARN SENTENCE ---
WORD[0] = 'its'
WORD[1] = 'about'
WORD[2] = 'time
WORD[3] = 'we'
WORD[4] = 'talk'
WORD[5] = 'about'
WORD[6] = 'the'
WORD[7] = 'nabu'
WORD[8] = 'computer'
WORD[9] = 'about'
WORD[0] = 'which'
WORD[11] = 'i'
WORD[12] = 'know'
WORD[13] = 'nothing'
PROCESS word='its' index=6 old=0
OLD=0 LINKS BEFORE='7|1(1)3()6(1)2(2)24(1)28(1)'
OLD=0 LINKS AFTER ='8|1(1)3(1)6(2)2(2)24(1)28(1)'
PROCESS word='about' index=22 old=6
OLD=6 LINKS BEFORE='27(1)15(1)'
OLD=6 LINKS AFTER ='3|7(1)15(1)22(1)'
PROCESS word='time' index=0 old=22
NEW WORD 30 = 'time'
OLD=22 LINKS BEFORE='2|3(1)29(1)'
OLD=22 LINKS AFTER ='3|23(1)29(1)30(1)'
PROCESS word='we' index=0 old=30
NEW WORD 31 = 'we'
OLD=30 LINKS BEFORE=''
OL=30 LINKS AFTER ='1|31(1)'
PROCESS word='talk' index=10 old=31
OLD=31 LINKS BEFORE=''
OLD=31 LINKS AFTER ='1|10(1)'
PROCESS word'about' index=22 old=10
OLD=10 LINKS BEFORE='1|9(1)'
OLD=10 LINKS AFTER ='2|9(1)22(1)'
PROCESS word='the' index=23 old=22
OLD=22LINKS BEFORE='3|23(1)29(1)30(1)'
OLD=22 LINKS AFTER ='4|23(2)29(1)30(1)'
PROCESS word='nabu' index=16 old=23
OLD=23 LINKS BEFORE'2|16(2)'
OLD=23 LINKS AFTER ='3|16(3)'
PROCESS word='computer' index=17 old=16
OLD=16 LINKS BEFORE='3|17(3)'
OLD=16 LINKS AFTER='4|17(4)'
PROCESS word='about' index=22 old=17
OLD=17 LINKS BEFORE='4|1000(3)23(1)'
OLD=17 LINKS AFTER ='5|1000(3)23(1)22(1)'
POCESS word='which' index=0 old=22
NEW WORD 32 = 'which'
OLD=22 LINKS BEFORE='4|23(2)29(1)30(1)'
OLD=22 LINKS AFTER ='5|23(2)29(130(1)32(1)'
PROCESS word='i' index=24 old=32
OLD=32 LINKS BEFORE=''
OLD=32 LINKS AFTER ='1|24(1)'
PROCESS word='know' index=0 ol=24
NEW WORD 33 = 'know'
OLD=24 LINKS BEFORE='1|25(1)'
OLD=24 LINKS AFTER ='2|25(1)33(1)'
PROCESS word='nothing' index=0 old=33
NEW WORD 34 = 'nothing'
OLD=33 LINKS BEFORE=''
OLD=33 LINKS AFTER ='1|34(1)'
LINK TO END_TOKEN from 34
OLD=34 LINKS BEFORE=''
OL=34 LINKS AFTER ='1|1000(1)'
